{
  "RSpec": {
    "coverage": {
      "/home/pleasant-port-8702/tic-tac-toe-rb-ruby-apply-000/lib/tic_tac_toe.rb": [
        null,
        1,
        null,
        null,
        null,
        null,
        null,
        null,
        null,
        null,
        null,
        null,
        1,
        14,
        14,
        14,
        14,
        14,
        null,
        null,
        1,
        16,
        null,
        null,
        1,
        15,
        null,
        null,
        1,
        18,
        15,
        null,
        3,
        null,
        null,
        null,
        1,
        28,
        null,
        null,
        1,
        12,
        12,
        13,
        13,
        13,
        null,
        12,
        12,
        null,
        null,
        1,
        14,
        14,
        126,
        10,
        null,
        null,
        14,
        null,
        null,
        1,
        13,
        10,
        3,
        null,
        null,
        null,
        1,
        43,
        276,
        276,
        276,
        null,
        276,
        276,
        276,
        null,
        276,
        11,
        265,
        4,
        null,
        261,
        null,
        null,
        null,
        null,
        null,
        1,
        113,
        11,
        null,
        8,
        null,
        null,
        null,
        1,
        16,
        7,
        null,
        9,
        null,
        null,
        null,
        1,
        13,
        null,
        null,
        null,
        1,
        6,
        5,
        null,
        null,
        null,
        1,
        11,
        10,
        null,
        11,
        4,
        7,
        7,
        null,
        null,
        null
      ]
    },
    "timestamp": 1590447356
  }
}
